<?xml version="1.0" encoding="UTF-8"?>
<!-- Generated by org.testng.reporters.JUnitReportReporter -->
<testsuite hostname="ABINANDHINI" failures="0" tests="1" name="test.BudgetairTest" time="59.069" errors="0" timestamp="2023-11-02T12:42:32 IST" skipped="0">
  <testcase classname="test.BudgetairTest" name="test1" time="59.069"/>
</testsuite> <!-- test.BudgetairTest -->
